Loading ./data/latest_maws
Loading ./data/latest_diat_mel_strs
EMO app listening on port 8000!
59502 lines of diatonic melody strings to read...
Diatonic melody strings loaded!
58903 lines of MAWs to read...
58669 lines of MAW data loaded!
233 empty lines of MAW data rejected!
4011 lines with short MAW data rejected!
Loading ./data/latest_maws
Loading ./data/latest_diat_mel_strs
EMO app listening on port 8000!
59502 lines of diatonic melody strings to read...
Diatonic melody strings loaded!
58903 lines of MAWs to read...
58669 lines of MAW data loaded!
233 empty lines of MAW data rejected!
4011 lines with short MAW data rejected!
date: illegal option -- -
usage: date [-jnRu] [-d dst] [-r seconds] [-t west] [-v[+|-]val[ymwdHMS]] ... 
            [-f fmt date | [[[mm]dd]HH]MM[[cc]yy][.ss]] [+format]
Error: Command failed: ./shell_scripts/codestring_to_maws.sh --d-C-A--aA-aA-bAA--b-BaA-dCaBaAdBA-a-a-BA--dCa-bBAAbAg-G-A-a-aAAd---B--AcCA--aAb-B-bDb-aAdB-A-cDaAbAgG-AbbC---aaaaAaD-bAaBA-a-a-AcABa-bAA-DcAbB---abAA-Ab-bDa-A--a--a--cDacD-A--aA-Bb--dCbC-adC--a-Ba-bA-C----Bb-aAbA-AcBA--aaAAd-CAa--A-a-aaAaB-bAcCb-aAAAAA-dCbCbAdD-abCA ./run/codestring_queries/NaN/
date: illegal option -- -
usage: date [-jnRu] [-d dst] [-r seconds] [-t west] [-v[+|-]val[ymwdHMS]] ... 
            [-f fmt date | [[[mm]dd]HH]MM[[cc]yy][.ss]] [+format]

    at checkExecSyncError (child_process.js:621:11)
    at Object.execSync (child_process.js:657:15)
    at search_with_code (/Users/timc/Documents/github_emo_search/server.js:321:27)
    at /Users/timc/Documents/github_emo_search/server.js:160:18
    at Layer.handle [as handle_request] (/Users/timc/Documents/github_emo_search/node_modules/express/lib/router/layer.js:95:5)
    at next (/Users/timc/Documents/github_emo_search/node_modules/express/lib/router/route.js:137:13)
    at Route.dispatch (/Users/timc/Documents/github_emo_search/node_modules/express/lib/router/route.js:112:3)
    at Layer.handle [as handle_request] (/Users/timc/Documents/github_emo_search/node_modules/express/lib/router/layer.js:95:5)
    at /Users/timc/Documents/github_emo_search/node_modules/express/lib/router/index.js:281:22
    at Function.process_params (/Users/timc/Documents/github_emo_search/node_modules/express/lib/router/index.js:335:12)
date: illegal option -- -
usage: date [-jnRu] [-d dst] [-r seconds] [-t west] [-v[+|-]val[ymwdHMS]] ... 
            [-f fmt date | [[[mm]dd]HH]MM[[cc]yy][.ss]] [+format]
Error: Command failed: ./shell_scripts/codestring_to_maws.sh bB---abAA-Ab-bDa-A--a--a--cDacD-A--aA-Bb--dCbC-adC--a-Ba-bA-C----Bb-aAbA-AcBA--aaAAd-CAa--A-a-aaAaB-bAcCb-aAAAAA-dCbCbAdD-abCA ./run/codestring_queries/NaN/
date: illegal option -- -
usage: date [-jnRu] [-d dst] [-r seconds] [-t west] [-v[+|-]val[ymwdHMS]] ... 
            [-f fmt date | [[[mm]dd]HH]MM[[cc]yy][.ss]] [+format]

    at checkExecSyncError (child_process.js:621:11)
    at Object.execSync (child_process.js:657:15)
    at search_with_code (/Users/timc/Documents/github_emo_search/server.js:321:27)
    at /Users/timc/Documents/github_emo_search/server.js:160:18
    at Layer.handle [as handle_request] (/Users/timc/Documents/github_emo_search/node_modules/express/lib/router/layer.js:95:5)
    at next (/Users/timc/Documents/github_emo_search/node_modules/express/lib/router/route.js:137:13)
    at Route.dispatch (/Users/timc/Documents/github_emo_search/node_modules/express/lib/router/route.js:112:3)
    at Layer.handle [as handle_request] (/Users/timc/Documents/github_emo_search/node_modules/express/lib/router/layer.js:95:5)
    at /Users/timc/Documents/github_emo_search/node_modules/express/lib/router/index.js:281:22
    at Function.process_params (/Users/timc/Documents/github_emo_search/node_modules/express/lib/router/index.js:335:12)
date: illegal option -- -
usage: date [-jnRu] [-d dst] [-r seconds] [-t west] [-v[+|-]val[ymwdHMS]] ... 
            [-f fmt date | [[[mm]dd]HH]MM[[cc]yy][.ss]] [+format]
Error: Command failed: ./shell_scripts/codestring_to_maws.sh bB---abAA-Ab-bDa-A--a--a--cDacD-A--aA-Bb--dCbC-adC--a-Ba-bA-C----Bb-aAbA-AcBA--aaAAd-CAa--A-a-aaAaB-bAcCb-aAAAAA-dCbCbAdD-abCA ./run/codestring_queries/NaN/
date: illegal option -- -
usage: date [-jnRu] [-d dst] [-r seconds] [-t west] [-v[+|-]val[ymwdHMS]] ... 
            [-f fmt date | [[[mm]dd]HH]MM[[cc]yy][.ss]] [+format]

    at checkExecSyncError (child_process.js:621:11)
    at Object.execSync (child_process.js:657:15)
    at search_with_code (/Users/timc/Documents/github_emo_search/server.js:321:27)
    at /Users/timc/Documents/github_emo_search/server.js:160:18
    at Layer.handle [as handle_request] (/Users/timc/Documents/github_emo_search/node_modules/express/lib/router/layer.js:95:5)
    at next (/Users/timc/Documents/github_emo_search/node_modules/express/lib/router/route.js:137:13)
    at Route.dispatch (/Users/timc/Documents/github_emo_search/node_modules/express/lib/router/route.js:112:3)
    at Layer.handle [as handle_request] (/Users/timc/Documents/github_emo_search/node_modules/express/lib/router/layer.js:95:5)
    at /Users/timc/Documents/github_emo_search/node_modules/express/lib/router/index.js:281:22
    at Function.process_params (/Users/timc/Documents/github_emo_search/node_modules/express/lib/router/index.js:335:12)
Loading ./data/latest_maws
Loading ./data/latest_diat_mel_strs
EMO app listening on port 8000!
59502 lines of diatonic melody strings to read...
Diatonic melody strings loaded!
58903 lines of MAWs to read...
58669 lines of MAW data loaded!
233 empty lines of MAW data rejected!
4011 lines with short MAW data rejected!
Loading ./data/latest_maws
Loading ./data/latest_diat_mel_strs
EMO app listening on port 8000!
59502 lines of diatonic melody strings to read...
Diatonic melody strings loaded!
58903 lines of MAWs to read...
58669 lines of MAW data loaded!
233 empty lines of MAW data rejected!
4011 lines with short MAW data rejected!
Loading ./data/latest_maws
Loading ./data/latest_diat_mel_strs
EMO app listening on port 8000!
59502 lines of diatonic melody strings to read...
Diatonic melody strings loaded!
58903 lines of MAWs to read...
58669 lines of MAW data loaded!
233 empty lines of MAW data rejected!
4011 lines with short MAW data rejected!
Loading ./data/latest_maws
Loading ./data/latest_diat_mel_strs
EMO app listening on port 8000!
101 lines of MAWs to read...
100 lines of MAW data loaded!
0 empty lines of MAW data rejected!
5 lines with short MAW data rejected!
101 lines of diatonic melody strings to read...
Diatonic melody strings loaded!
Loading ./data/latest_maws
Loading ./data/latest_diat_mel_strs
EMO app listening on port 8000!
101 lines of MAWs to read...
100 lines of MAW data loaded!
0 empty lines of MAW data rejected!
5 lines with short MAW data rejected!
101 lines of diatonic melody strings to read...
Diatonic melody strings loaded!
Loading ./data/latest_maws
Loading ./data/latest_diat_mel_strs
EMO app listening on port 8000!
101 lines of MAWs to read...
100 lines of MAW data loaded!
0 empty lines of MAW data rejected!
5 lines with short MAW data rejected!
101 lines of diatonic melody strings to read...
Diatonic melody strings loaded!
Loading ./data/latest_maws
Loading ./data/latest_diat_mel_strs
EMO app listening on port 8000!
101 lines of MAWs to read...
100 lines of MAW data loaded!
0 empty lines of MAW data rejected!
5 lines with short MAW data rejected!
101 lines of diatonic melody strings to read...
Diatonic melody strings loaded!
Loading ./data/latest_maws
Loading ./data/latest_diat_mel_strs
EMO app listening on port 8000!
101 lines of MAWs to read...
100 lines of MAW data loaded!
0 empty lines of MAW data rejected!
5 lines with short MAW data rejected!
101 lines of diatonic melody strings to read...
Diatonic melody strings loaded!
Loading ./data/latest_maws
Loading ./data/latest_diat_mel_strs
EMO app listening on port 8000!
101 lines of MAWs to read...
100 lines of MAW data loaded!
0 empty lines of MAW data rejected!
5 lines with short MAW data rejected!
101 lines of diatonic melody strings to read...
Diatonic melody strings loaded!
Loading ./data/latest_maws
Loading ./data/latest_diat_mel_strs
EMO app listening on port 8000!
101 lines of MAWs to read...
100 lines of MAW data loaded!
0 empty lines of MAW data rejected!
5 lines with short MAW data rejected!
101 lines of diatonic melody strings to read...
Diatonic melody strings loaded!
Loading ./data/latest_maws
Loading ./data/latest_diat_mel_strs
EMO app listening on port 8000!
101 lines of MAWs to read...
100 lines of MAW data loaded!
0 empty lines of MAW data rejected!
5 lines with short MAW data rejected!
101 lines of diatonic melody strings to read...
Diatonic melody strings loaded!
