2018-05-03_17:52:39	c9b8a8f8-9cb8-7b78-0178-3bb9aac66168	K3h1_063_0	maw_4-8_sameline.txt	Not enough words in query (5)
2018-05-03_17:52:40	c9b8a8f8-9cb8-7b78-0178-3bb9aac66168	K3i10_001_1	maw_4-8_sameline.txt	Not enough words in query (1)
2018-05-03_17:52:42	c9b8a8f8-9cb8-7b78-0178-3bb9aac66168	K3i10_002_1	maw_4-8_sameline.txt	Not enough words in query (5)
2018-05-03_17:52:43	c9b8a8f8-9cb8-7b78-0178-3bb9aac66168	K3i10_003_0	maw_4-8_sameline.txt	Not enough words in query (5)
2018-05-03_17:56:13	c9b8a8f8-9cb8-7b78-0178-3bb9aac66168	K3b8_001_1	maw_4-8_sameline.txt	Not enough words in query (2)
2018-05-03_19:02:46	c9b8a8f8-9cb8-7b78-0178-3bb9aac66168	D33b_3_002_1	maw_4-8_sameline.txt	Not enough words in query (2)
2018-05-03_19:07:06	c9b8a8f8-9cb8-7b78-0178-3bb9aac66168	K4g4_002_1	maw_4-8_sameline.txt	Not enough words in query (1)
2018-05-03_19:07:16	c9b8a8f8-9cb8-7b78-0178-3bb9aac66168	K4g3_001_1	maw_4-8_sameline.txt	Not enough words in query (4)
2018-05-03_19:07:18	c9b8a8f8-9cb8-7b78-0178-3bb9aac66168	K4g2_002_1	maw_4-8_sameline.txt	Not enough words in query (1)
2018-05-03_19:07:19	c9b8a8f8-9cb8-7b78-0178-3bb9aac66168	K4g1_2_001_1	maw_4-8_sameline.txt	Not enough words in query (4)
2018-05-03_19:08:00	c9b8a8f8-9cb8-7b78-0178-3bb9aac66168	K7b12_003_1	maw_4-8_sameline.txt	Not enough words in query (1)
2018-05-03_19:08:14	c9b8a8f8-9cb8-7b78-0178-3bb9aac66168	K4g4_002_1	maw_4-8_sameline.txt	Not enough words in query (1)
2018-05-03_19:08:15	c9b8a8f8-9cb8-7b78-0178-3bb9aac66168	K4g3_001_1	maw_4-8_sameline.txt	Not enough words in query (4)
2018-05-03_19:08:17	c9b8a8f8-9cb8-7b78-0178-3bb9aac66168	K4g2_002_1	maw_4-8_sameline.txt	Not enough words in query (1)
2018-05-03_19:08:18	c9b8a8f8-9cb8-7b78-0178-3bb9aac66168	K4g1_2_001_1	maw_4-8_sameline.txt	Not enough words in query (4)
2018-05-03_19:08:20	c9b8a8f8-9cb8-7b78-0178-3bb9aac66168	K4d2_002_1	maw_4-8_sameline.txt	Not enough words in query (4)
2018-05-03_19:08:31	c9b8a8f8-9cb8-7b78-0178-3bb9aac66168	K3k19_001_1	maw_4-8_sameline.txt	Not enough words in query (2)
2018-05-03_19:08:33	c9b8a8f8-9cb8-7b78-0178-3bb9aac66168	K3i16_001_1	maw_4-8_sameline.txt	Not enough words in query (3)
2018-05-03_19:08:35	c9b8a8f8-9cb8-7b78-0178-3bb9aac66168	K3i10_001_1	maw_4-8_sameline.txt	Not enough words in query (1)
2018-05-03_19:08:42	c9b8a8f8-9cb8-7b78-0178-3bb9aac66168	K3f9_003_0	maw_4-8_sameline.txt	Not enough words in query (4)
2018-05-03_19:08:44	c9b8a8f8-9cb8-7b78-0178-3bb9aac66168	K3e9_001_1	maw_4-8_sameline.txt	Not enough words in query (1)
2018-05-03_19:08:46	c9b8a8f8-9cb8-7b78-0178-3bb9aac66168	K3e8_001_1	maw_4-8_sameline.txt	Not enough words in query (3)
2018-05-03_19:08:53	c9b8a8f8-9cb8-7b78-0178-3bb9aac66168	K3e3_001_1	maw_4-8_sameline.txt	Not enough words in query (5)
2018-05-03_19:08:58	c9b8a8f8-9cb8-7b78-0178-3bb9aac66168	K3e13_001_1	maw_4-8_sameline.txt	Not enough words in query (2)
2018-05-03_19:09:15	c9b8a8f8-9cb8-7b78-0178-3bb9aac66168	K3d10_001_1	maw_4-8_sameline.txt	Not enough words in query (5)
2018-05-03_19:09:27	c9b8a8f8-9cb8-7b78-0178-3bb9aac66168	K3b8_001_1	maw_4-8_sameline.txt	Not enough words in query (2)
2018-05-03_19:09:42	c9b8a8f8-9cb8-7b78-0178-3bb9aac66168	K3a2_001_1	maw_4-8_sameline.txt	Not enough words in query (1)
2018-05-03_19:10:11	c9b8a8f8-9cb8-7b78-0178-3bb9aac66168	K2i29_002_0	maw_4-8_sameline.txt	Not enough words in query (1)
2018-05-03_19:10:23	c9b8a8f8-9cb8-7b78-0178-3bb9aac66168	K2e5_001_1	maw_4-8_sameline.txt	Not enough words in query (4)
2018-05-03_19:10:52	c9b8a8f8-9cb8-7b78-0178-3bb9aac66168	K2c7_012_1	maw_4-8_sameline.txt	Not enough words in query (3)
2018-05-03_19:16:15	c9b8a8f8-9cb8-7b78-0178-3bb9aac66168	K8k1_033_1	maw_4-8_sameline.txt	Not enough words in query (5)
2018-05-03_19:16:16	c9b8a8f8-9cb8-7b78-0178-3bb9aac66168	K8k1_034_0	maw_4-8_sameline.txt	Not enough words in query (1)
2018-05-03_19:22:02	c9b8a8f8-9cb8-7b78-0178-3bb9aac66168	K2d19_026_0	maw_4-8_sameline.txt	Not enough words in query (5)
2018-05-03_19:47:12	c9b8a8f8-9cb8-7b78-0178-3bb9aac66168	K2a4_093_0	maw_4-8_sameline.txt	Not enough words in query (5)
2018-05-03_19:48:22	c9b8a8f8-9cb8-7b78-0178-3bb9aac66168	K2a4_106_1	maw_4-8_sameline.txt	Not enough words in query (2)
2018-05-04_10:20:05	c9b8a8f8-9cb8-7b78-0178-3bb9aac66168	K2b11_011_0	maw_4-8_sameline.txt	Not enough words in query (1)
2018-05-04_11:10:02	c9b8a8f8-9cb8-7b78-0178-3bb9aac66168	K3f9_034_1	maw_4-8_sameline.txt	Not enough words in query (3)
2018-05-04_11:33:37	c9b8a8f8-9cb8-7b78-0178-3bb9aac66168	A249c_206_1	maw_4-8_sameline.txt	Not enough words in query (1)
2018-05-04_11:39:10	c9b8a8f8-9cb8-7b78-0178-3bb9aac66168	A251_002_1	maw_4-8_sameline.txt	Not enough words in query (1)
2018-05-04_11:39:11	c9b8a8f8-9cb8-7b78-0178-3bb9aac66168	A251_003_1	maw_4-8_sameline.txt	Not enough words in query (5)
2018-05-04_11:42:28	c9b8a8f8-9cb8-7b78-0178-3bb9aac66168	K8i4_8_001_1	maw_4-8_sameline.txt	Not enough words in query (1)
2018-05-04_11:42:34	c9b8a8f8-9cb8-7b78-0178-3bb9aac66168	K8i4_7_001_0	maw_4-8_sameline.txt	Not enough words in query (3)
2018-05-04_11:45:00	c9b8a8f8-9cb8-7b78-0178-3bb9aac66168	K3f9_003_0	maw_4-8_sameline.txt	Not enough words in query (4)
2018-05-04_11:48:55	c9b8a8f8-9cb8-7b78-0178-3bb9aac66168	K3f9_031_0	maw_4-8_sameline.txt	Not enough words in query (1)
2018-05-04_11:48:57	c9b8a8f8-9cb8-7b78-0178-3bb9aac66168	K3f9_034_1	maw_4-8_sameline.txt	Not enough words in query (3)
2018-05-04_11:48:58	c9b8a8f8-9cb8-7b78-0178-3bb9aac66168	K3f9_036_0	maw_4-8_sameline.txt	Not enough words in query (5)
2018-05-04_12:08:18	c9b8a8f8-9cb8-7b78-0178-3bb9aac66168	K3g6_120_0	maw_4-8_sameline.txt	Not enough words in query (4)
2018-05-04_12:09:30	c9b8a8f8-9cb8-7b78-0178-3bb9aac66168	K3g6_124_0	maw_4-8_sameline.txt	Not enough words in query (4)
2018-05-04_12:09:48	c9b8a8f8-9cb8-7b78-0178-3bb9aac66168	K3g6_127_0	maw_4-8_sameline.txt	Not enough words in query (1)
2018-05-04_12:10:13	c9b8a8f8-9cb8-7b78-0178-3bb9aac66168	K3g6_131_0	maw_4-8_sameline.txt	Not enough words in query (1)
2018-05-04_17:30:52	9bcdc878-0d38-5938-3c98-3b78847984d2	K3e17_100_0	maw_4-8_sameline.txt	ID not found
2018-05-04_17:32:56	9bcdc878-0d38-5938-3c98-3b78847984d2	K3e17_103_0	maw_4-8_sameline.txt	Not enough words in query (5)
2018-05-04_17:35:06	9bcdc878-0d38-5938-3c98-3b78847984d2	K3e17_122_1	maw_4-8_sameline.txt	Not enough words in query (2)
2018-05-04_17:35:10	9bcdc878-0d38-5938-3c98-3b78847984d2	K3e17_124_0	maw_4-8_sameline.txt	Not enough words in query (4)
2018-05-04_17:35:40	9bcdc878-0d38-5938-3c98-3b78847984d2	K3e17_132_0	maw_4-8_sameline.txt	Not enough words in query (3)
2018-05-04_17:35:45	9bcdc878-0d38-5938-3c98-3b78847984d2	K3e17_133_0	maw_4-8_sameline.txt	Not enough words in query (3)
2018-05-04_17:35:45	9bcdc878-0d38-5938-3c98-3b78847984d2	K3e17_133_1	maw_4-8_sameline.txt	Not enough words in query (1)
2018-05-04_17:36:03	9bcdc878-0d38-5938-3c98-3b78847984d2	K3e17_143_0	maw_4-8_sameline.txt	Not enough words in query (4)
2018-05-04_17:36:23	9bcdc878-0d38-5938-3c98-3b78847984d2	K3e17_144_1	maw_4-8_sameline.txt	Not enough words in query (1)
2018-05-04_17:36:32	9bcdc878-0d38-5938-3c98-3b78847984d2	K3e17_144_1	maw_4-8_sameline.txt	Not enough words in query (1)
2018-05-04_17:39:51	9bcdc878-0d38-5938-3c98-3b78847984d2	K3e17_182_1	maw_4-8_sameline.txt	Not enough words in query (3)
2018-05-04_18:08:05	9bcdc878-0d38-5938-3c98-3b78847984d2	A194_001_1	maw_4-8_sameline.txt	Not enough words in query (5)
2018-05-04_18:09:22	9bcdc878-0d38-5938-3c98-3b78847984d2	K3i16_026_0	maw_4-8_sameline.txt	Not enough words in query (2)
2018-05-04_18:09:39	9bcdc878-0d38-5938-3c98-3b78847984d2	K3i16_026_0	maw_4-8_sameline.txt	Not enough words in query (2)
2018-05-04_18:11:23	9bcdc878-0d38-5938-3c98-3b78847984d2	K3k19_001_1	maw_4-8_sameline.txt	Not enough words in query (2)
2018-05-04_18:12:42	9bcdc878-0d38-5938-3c98-3b78847984d2	K4c4_002_1	maw_4-8_sameline.txt	Not enough words in query (1)
2018-05-04_18:12:43	9bcdc878-0d38-5938-3c98-3b78847984d2	K4c4_003_0	maw_4-8_sameline.txt	Not enough words in query (1)
2018-05-04_18:12:44	9bcdc878-0d38-5938-3c98-3b78847984d2	K4c4_004_1	maw_4-8_sameline.txt	Not enough words in query (3)
2018-05-04_18:13:09	9bcdc878-0d38-5938-3c98-3b78847984d2	K4c4_008_0	maw_4-8_sameline.txt	Not enough words in query (3)
2018-05-04_18:13:11	9bcdc878-0d38-5938-3c98-3b78847984d2	K4c4_010_1	maw_4-8_sameline.txt	Not enough words in query (5)
2018-05-04_18:13:21	9bcdc878-0d38-5938-3c98-3b78847984d2	K4c4_015_1	maw_4-8_sameline.txt	Not enough words in query (2)
2018-05-04_18:13:22	9bcdc878-0d38-5938-3c98-3b78847984d2	K4c4_016_0	maw_4-8_sameline.txt	Not enough words in query (1)
2018-05-04_18:13:24	9bcdc878-0d38-5938-3c98-3b78847984d2	K4c4_016_1	maw_4-8_sameline.txt	Not enough words in query (1)
2018-05-04_18:13:25	9bcdc878-0d38-5938-3c98-3b78847984d2	K4c4_017_0	maw_4-8_sameline.txt	Not enough words in query (1)
2018-05-04_18:13:43	9bcdc878-0d38-5938-3c98-3b78847984d2	K4c4_020_0	maw_4-8_sameline.txt	Not enough words in query (4)
2018-05-04_18:15:53	9bcdc878-0d38-5938-3c98-3b78847984d2	K4d2_002_1	maw_4-8_sameline.txt	Not enough words in query (4)
2018-05-06_10:26:02	9bcdc878-0d38-5938-3c98-3b78847984d2	C123_002_1	maw_4-8_sameline.txt	Not enough words in query (1)
2018-05-06_10:26:03	9bcdc878-0d38-5938-3c98-3b78847984d2	C123_003_0	maw_4-8_sameline.txt	Not enough words in query (5)
2018-05-07_12:50:08	9bcdc878-0d38-5938-3c98-3b78847984d2	K3i16_001_1	maw_4-8_sameline.txt	Not enough words in query (3)
2018-05-07_12:50:10	9bcdc878-0d38-5938-3c98-3b78847984d2	K3i16_002_0	maw_4-8_sameline.txt	Not enough words in query (1)
2018-05-07_12:52:22	9bcdc878-0d38-5938-3c98-3b78847984d2	K3k12_011_0	maw_4-8_sameline.txt	Not enough words in query (2)
2018-05-07_12:52:24	9bcdc878-0d38-5938-3c98-3b78847984d2	K3k12_011_1	maw_4-8_sameline.txt	Not enough words in query (3)
2018-05-07_15:25:25	9bcdc878-0d38-5938-3c98-3b78847984d2	K3k12_047_0	maw_4-8_sameline.txt	Not enough words in query (1)
2018-05-07_15:26:21	9bcdc878-0d38-5938-3c98-3b78847984d2	D38_002_0	maw_4-8_sameline.txt	Not enough words in query (3)
2018-05-07_15:26:23	9bcdc878-0d38-5938-3c98-3b78847984d2	D38_007_1	maw_4-8_sameline.txt	Not enough words in query (4)
2018-05-07_15:44:17	9bcdc878-0d38-5938-3c98-3b78847984d2	K3f9_003_0	maw_4-8_sameline.txt	Not enough words in query (4)
2018-05-07_15:44:32	9bcdc878-0d38-5938-3c98-3b78847984d2	K3i10_001_1	maw_4-8_sameline.txt	Not enough words in query (1)
2018-05-07_15:44:36	9bcdc878-0d38-5938-3c98-3b78847984d2	K3i10_002_1	maw_4-8_sameline.txt	Not enough words in query (5)
2018-05-07_15:44:37	9bcdc878-0d38-5938-3c98-3b78847984d2	K3i10_003_0	maw_4-8_sameline.txt	Not enough words in query (5)
2018-05-07_15:45:38	9bcdc878-0d38-5938-3c98-3b78847984d2	K2d2_014_1	maw_4-8_sameline.txt	ID not found
2018-05-07_15:45:38	9bcdc878-0d38-5938-3c98-3b78847984d2	K2d2_014_1	maw_4-8_sameline.txt	ID not found
2018-05-07_15:45:39	9bcdc878-0d38-5938-3c98-3b78847984d2	K2d2_014_1	maw_4-8_sameline.txt	ID not found
2018-05-07_15:45:40	9bcdc878-0d38-5938-3c98-3b78847984d2	K2d2_014_1	maw_4-8_sameline.txt	ID not found
2018-05-07_15:45:46	9bcdc878-0d38-5938-3c98-3b78847984d2	K2d4_014_1	maw_4-8_sameline.txt	ID not found
2018-05-07_15:47:47	9bcdc878-0d38-5938-3c98-3b78847984d2	K2d12_008_0	maw_4-8_sameline.txt	ID not found
2018-05-07_15:47:47	9bcdc878-0d38-5938-3c98-3b78847984d2	K2d12_008_0	maw_4-8_sameline.txt	ID not found
2018-05-07_15:47:48	9bcdc878-0d38-5938-3c98-3b78847984d2	K2d12_008_0	maw_4-8_sameline.txt	ID not found
2018-05-07_15:47:48	9bcdc878-0d38-5938-3c98-3b78847984d2	K2d12_008_0	maw_4-8_sameline.txt	ID not found
2018-05-07_15:59:15	9bcdc878-0d38-5938-3c98-3b78847984d2	K3d5_098_0	maw_4-8_sameline.txt	Not enough words in query (5)
2018-05-08_09:00:40	9bcdc878-0d38-5938-3c98-3b78847984d2	A254_001_1	maw_4-8_sameline.txt	Not enough words in query (1)
2018-05-08_09:00:42	9bcdc878-0d38-5938-3c98-3b78847984d2	A277_001_1	maw_4-8_sameline.txt	Not enough words in query (5)
2018-05-08_09:09:16	9bcdc878-0d38-5938-3c98-3b78847984d2	K3c6_002_0	maw_4-8_sameline.txt	ID not found
2018-05-08_09:09:19	9bcdc878-0d38-5938-3c98-3b78847984d2	K3c6_002_0	maw_4-8_sameline.txt	ID not found
2018-05-08_14:40:52	9bcdc878-0d38-5938-3c98-3b78847984d2	K3e13_002_0	maw_4-8_sameline.txt	ID not found
2018-05-08_14:41:03	9bcdc878-0d38-5938-3c98-3b78847984d2	K3e13_002_0	maw_4-8_sameline.txt	ID not found
2018-05-08_14:41:04	9bcdc878-0d38-5938-3c98-3b78847984d2	K3e13_002_0	maw_4-8_sameline.txt	ID not found
2018-05-08_14:41:05	9bcdc878-0d38-5938-3c98-3b78847984d2	K3e13_002_0	maw_4-8_sameline.txt	ID not found
2018-05-08_14:41:05	9bcdc878-0d38-5938-3c98-3b78847984d2	K3e13_002_0	maw_4-8_sameline.txt	ID not found
2018-05-08_14:41:05	9bcdc878-0d38-5938-3c98-3b78847984d2	K3e13_002_0	maw_4-8_sameline.txt	ID not found
2018-05-08_14:41:05	9bcdc878-0d38-5938-3c98-3b78847984d2	K3e13_002_0	maw_4-8_sameline.txt	ID not found
2018-05-08_14:41:06	9bcdc878-0d38-5938-3c98-3b78847984d2	K3e13_002_0	maw_4-8_sameline.txt	ID not found
2018-05-08_14:42:11	9bcdc878-0d38-5938-3c98-3b78847984d2	K8i1_002_1	maw_4-8_sameline.txt	ID not found
2018-05-08_14:42:13	9bcdc878-0d38-5938-3c98-3b78847984d2	K8i1_002_1	maw_4-8_sameline.txt	ID not found
2018-05-08_14:42:14	9bcdc878-0d38-5938-3c98-3b78847984d2	K8i1_002_1	maw_4-8_sameline.txt	ID not found
2018-05-08_14:42:14	9bcdc878-0d38-5938-3c98-3b78847984d2	K8i1_002_1	maw_4-8_sameline.txt	ID not found
2018-05-08_14:42:15	9bcdc878-0d38-5938-3c98-3b78847984d2	K8i1_002_1	maw_4-8_sameline.txt	ID not found
2018-05-08_14:42:15	9bcdc878-0d38-5938-3c98-3b78847984d2	K8i1_002_1	maw_4-8_sameline.txt	ID not found
2018-05-08_14:42:15	9bcdc878-0d38-5938-3c98-3b78847984d2	K8i1_002_1	maw_4-8_sameline.txt	ID not found
2018-05-09_13:23:28	9bcdc878-0d38-5938-3c98-3b78847984d2	A277a_091_0	maw_4-8_sameline.txt	ID not found
2018-05-09_13:23:37	9bcdc878-0d38-5938-3c98-3b78847984d2	A277a_080_0	maw_4-8_sameline.txt	ID not found
2018-05-09_13:29:06	9bcdc878-0d38-5938-3c98-3b78847984d2	A277_001_1	maw_4-8_sameline.txt	Not enough words in query (5)
2018-05-09_23:18:03	9bcdc878-0d38-5938-3c98-3b78847984d2	K3g4_226_0	maw_4-8_sameline.txt	Not enough words in query (2)
2018-05-09_23:24:21	9bcdc878-0d38-5938-3c98-3b78847984d2	K3f9_171_1	maw_4-8_sameline.txt	Not enough words in query (3)
2018-05-09_23:24:35	9bcdc878-0d38-5938-3c98-3b78847984d2	K3f9_003_0	maw_4-8_sameline.txt	Not enough words in query (4)
2018-05-09_23:56:42	9bcdc878-0d38-5938-3c98-3b78847984d2	K3a15_199_1	maw_4-8_sameline.txt	Not enough words in query (5)
2018-05-10_00:05:25	9bcdc878-0d38-5938-3c98-3b78847984d2	K3a7_010_1	maw_4-8_sameline.txt	Not enough words in query (2)
2018-05-10_09:27:49	9bcdc878-0d38-5938-3c98-3b78847984d2	K8b7_071_1	maw_4-8_sameline.txt	Not enough words in query (3)
2018-05-10_09:27:57	9bcdc878-0d38-5938-3c98-3b78847984d2	K8b7_072_1	maw_4-8_sameline.txt	Not enough words in query (3)
2018-05-10_16:12:37	34182478-82bd-7e33-a8f5-ea9b2642a9d8	D38_195_1	maw_4-8_sameline.txt	Not enough words in query (4)
2018-05-14_21:00:35	368a58bb-f8e3-e823-94bf-798d90feca9c	D	maw_4-8_sameline.txt	ID not found
2018-05-14_21:00:40	368a58bb-f8e3-e823-94bf-798d90feca9c	agnus	maw_4-8_sameline.txt	ID not found
2018-06-13_19:59:58	27e48095-a76e-87bc-5dca-edb340247e46	C	maw_4-8_sameline.txt	ID not found
